2025-01-21 07:26:31,615 [INFO] Activator:176 - 


2025-01-21 07:26:31,621 [INFO] Activator:177 - !SESSION log4j initialized
2025-01-21 07:26:36,610 [INFO] LogOutputStream:77 - [STDOUT_REDIRECT] 
2025-01-21 07:26:37,008 [ERROR] LogOutputStream:75 - [STDERR_REDIRECT] 
2025-01-21 07:26:39,275 [INFO] LogOutputStream:77 - [STDOUT_REDIRECT] 
2025-01-21 07:26:42,409 [INFO] ApplicationProperties:184 - Using Application install path: /Applications/STM32CubeIDE.app/Contents/Eclipse/plugins/com.st.stm32cube.common.mx_6.13.0.202411220809
2025-01-21 07:26:42,423 [INFO] DbMcusXml:78 - Set database path to: /Applications/STM32CubeIDE.app/Contents/Eclipse/plugins/com.st.stm32cube.common.mx_6.13.0.202411220809//db//mcu/
2025-01-21 07:26:42,424 [INFO] ApiDb:274 - Set plugin database path to: /Applications/STM32CubeIDE.app/Contents/Eclipse/plugins/com.st.stm32cube.common.mx_6.13.0.202411220809//db//plugins/boardmanager/
2025-01-21 07:26:42,426 [WARN] ApiDb:259 - Overriding images path with different value:  => /Applications/STM32CubeIDE.app/Contents/Eclipse/plugins/com.st.stm32cube.common.mx_6.13.0.202411220809//db//plugins/mcufinder/images/
2025-01-21 07:26:42,433 [INFO] ApiDb:250 - Set database path to: /Users/ch.lee/.stmcufinder/plugins/mcufinder//mcu/
2025-01-21 07:26:42,435 [INFO] DbMcusAds:125 - Set database path to: /Users/ch.lee/.stmcufinder/plugins/mcufinder//mcu/
2025-01-21 07:26:42,436 [INFO] CrossReferenceDbSqlite:203 - Set database path to: /Users/ch.lee/.stmcufinder/plugins/mcufinder//mcu/cs/
2025-01-21 07:26:42,880 [INFO] RulesReader:64 - Compatibility file has been processed (297 Rules)
2025-01-21 07:26:43,028 [INFO] DbMcusXml:78 - Set database path to: /Applications/STM32CubeIDE.app/Contents/Eclipse/plugins/com.st.stm32cube.common.mx_6.13.0.202411220809//db//mcu/
2025-01-21 07:26:43,028 [INFO] ApiDb:274 - Set plugin database path to: /Applications/STM32CubeIDE.app/Contents/Eclipse/plugins/com.st.stm32cube.common.mx_6.13.0.202411220809//db//plugins/boardmanager/
2025-01-21 07:26:43,029 [INFO] ApiDb:261 - Set plugin images path to: /Applications/STM32CubeIDE.app/Contents/Eclipse/plugins/com.st.stm32cube.common.mx_6.13.0.202411220809//db//plugins/mcufinder/images/
2025-01-21 07:26:43,031 [WARN] DbFile:41 - Overriding database path with different value: /Users/ch.lee/.stmcufinder/plugins/mcufinder/ => /Users/ch.lee/.stmcufinder/plugins/mcufinder
2025-01-21 07:26:43,031 [INFO] ApiDb:250 - Set database path to: /Users/ch.lee/.stmcufinder/plugins/mcufinder//mcu/
2025-01-21 07:26:43,031 [WARN] DbFile:41 - Overriding database path with different value: /Users/ch.lee/.stmcufinder/plugins/mcufinder/ => /Users/ch.lee/.stmcufinder/plugins/mcufinder
2025-01-21 07:26:43,031 [INFO] DbMcusAds:125 - Set database path to: /Users/ch.lee/.stmcufinder/plugins/mcufinder//mcu/
2025-01-21 07:26:43,031 [WARN] DbFile:41 - Overriding database path with different value: /Users/ch.lee/.stmcufinder/plugins/mcufinder/ => /Users/ch.lee/.stmcufinder/plugins/mcufinder
2025-01-21 07:26:43,031 [WARN] DbFile:41 - Overriding database path with different value: /Users/ch.lee/.stmcufinder/plugins/mcufinder/ => /Users/ch.lee/.stmcufinder/plugins/mcufinder
2025-01-21 07:26:43,031 [INFO] CrossReferenceDbSqlite:203 - Set database path to: /Users/ch.lee/.stmcufinder/plugins/mcufinder//mcu/cs/
2025-01-21 07:26:43,120 [INFO] MainPanel:272 - HeapMemory: 303038464
2025-01-21 07:26:43,549 [INFO] DbMcusXml:78 - Set database path to: /Applications/STM32CubeIDE.app/Contents/Eclipse/plugins/com.st.stm32cube.common.mx_6.13.0.202411220809//db//mcu/
2025-01-21 07:26:43,549 [INFO] ApiDb:274 - Set plugin database path to: /Applications/STM32CubeIDE.app/Contents/Eclipse/plugins/com.st.stm32cube.common.mx_6.13.0.202411220809//db//plugins/boardmanager/
2025-01-21 07:26:43,549 [INFO] ApiDb:261 - Set plugin images path to: /Applications/STM32CubeIDE.app/Contents/Eclipse/plugins/com.st.stm32cube.common.mx_6.13.0.202411220809//db//plugins/mcufinder/images/
2025-01-21 07:26:43,550 [WARN] DbFile:41 - Overriding database path with different value: /Users/ch.lee/.stmcufinder/plugins/mcufinder/ => /Users/ch.lee/.stmcufinder/plugins/mcufinder
2025-01-21 07:26:43,550 [INFO] ApiDb:250 - Set database path to: /Users/ch.lee/.stmcufinder/plugins/mcufinder//mcu/
2025-01-21 07:26:43,550 [WARN] DbFile:41 - Overriding database path with different value: /Users/ch.lee/.stmcufinder/plugins/mcufinder/ => /Users/ch.lee/.stmcufinder/plugins/mcufinder
2025-01-21 07:26:43,550 [INFO] DbMcusAds:125 - Set database path to: /Users/ch.lee/.stmcufinder/plugins/mcufinder//mcu/
2025-01-21 07:26:43,550 [WARN] DbFile:41 - Overriding database path with different value: /Users/ch.lee/.stmcufinder/plugins/mcufinder/ => /Users/ch.lee/.stmcufinder/plugins/mcufinder
2025-01-21 07:26:43,550 [WARN] DbFile:41 - Overriding database path with different value: /Users/ch.lee/.stmcufinder/plugins/mcufinder/ => /Users/ch.lee/.stmcufinder/plugins/mcufinder
2025-01-21 07:26:43,550 [INFO] CrossReferenceDbSqlite:203 - Set database path to: /Users/ch.lee/.stmcufinder/plugins/mcufinder//mcu/cs/
2025-01-21 07:26:43,575 [INFO] ApplicationProperties:184 - Using Application install path: /Applications/STM32CubeIDE.app/Contents/Eclipse/plugins/com.st.stm32cube.common.mx_6.13.0.202411220809
2025-01-21 07:26:43,577 [INFO] PluginManage:196 - Search for loadable plugins [exclusion list=, ]
2025-01-21 07:26:43,580 [INFO] PluginManage:310 - Check plugin analytics
2025-01-21 07:26:44,002 [INFO] AnalyticsPlugin:253 - Accepted Software Licenses: 
2025-01-21 07:26:44,003 [INFO] AnalyticsPlugin:255 - Accepted CMSIS Pack Licenses: 
2025-01-21 07:26:44,003 [INFO] AnalyticsPlugin:257 - Accepted Firmware Licenses: FW.F4.1.28.0,FW.F4.1.27.0,FW.L4.1.18.0
2025-01-21 07:26:44,040 [INFO] PluginManage:359 - Loaded plugin analytics (category:tool,tabindex:-1)
2025-01-21 07:26:44,044 [INFO] PluginManage:310 - Check plugin cadmodel
2025-01-21 07:26:44,069 [INFO] CADModel:105 - Init CAD model plugin
2025-01-21 07:26:44,070 [INFO] PluginManage:359 - Loaded plugin cadmodel (category:power,tabindex:5)
2025-01-21 07:26:44,072 [INFO] PluginManage:310 - Check plugin clock
2025-01-21 07:26:44,090 [INFO] PluginManage:359 - Loaded plugin clock (category:base,tabindex:2)
2025-01-21 07:26:44,091 [INFO] PluginManage:310 - Check plugin ddr
2025-01-21 07:26:44,095 [INFO] PluginManage:359 - Loaded plugin ddr (category:tool,tabindex:6)
2025-01-21 07:26:44,095 [INFO] PluginManage:310 - Check plugin filemanager
2025-01-21 07:26:44,101 [ERROR] LogOutputStream:75 - [STDERR_REDIRECT] [Fatal Error] :2:10: DOCTYPE is disallowed when the feature "http://apache.org/xml/features/disallow-doctype-decl" set to true.
2025-01-21 07:26:44,106 [ERROR] LogOutputStream:75 - [STDERR_REDIRECT] 
2025-01-21 07:26:44,272 [INFO] PluginManage:359 - Loaded plugin filemanager (category:base,tabindex:10)
2025-01-21 07:26:44,273 [INFO] PluginManage:310 - Check plugin ipmanager
2025-01-21 07:26:44,281 [INFO] PluginManage:359 - Loaded plugin ipmanager (category:base,tabindex:5)
2025-01-21 07:26:44,282 [INFO] PluginManage:310 - Check plugin lpbam
2025-01-21 07:26:44,291 [INFO] PluginManage:359 - Loaded plugin lpbam (category:base,tabindex:0)
2025-01-21 07:26:44,291 [INFO] PluginManage:310 - Check plugin memorymap
2025-01-21 07:26:44,306 [INFO] PluginManage:359 - Loaded plugin memorymap (category:base,tabindex:4)
2025-01-21 07:26:44,306 [INFO] PluginManage:310 - Check plugin pinoutandconfiguration
2025-01-21 07:26:44,315 [INFO] PluginManage:359 - Loaded plugin pinoutandconfiguration (category:base,tabindex:1)
2025-01-21 07:26:44,315 [INFO] PluginManage:310 - Check plugin pinoutconfig
2025-01-21 07:26:44,405 [WARN] SupportedApi:132 - Cannot load RTOS API schema: s4s-elt-must-match.1: The content of 'definitions' must match (annotation?, (simpleType | complexType)?, (unique | key | keyref)*)). A problem was found starting at: attribute.
2025-01-21 07:26:44,570 [INFO] PluginManage:359 - Loaded plugin pinoutconfig (category:base,tabindex:0)
2025-01-21 07:26:44,570 [INFO] PluginManage:310 - Check plugin power
2025-01-21 07:26:44,585 [INFO] PluginManage:359 - Loaded plugin power (category:power,tabindex:4)
2025-01-21 07:26:44,585 [INFO] PluginManage:310 - Check plugin projectmanager
2025-01-21 07:26:44,613 [INFO] PluginManage:359 - Loaded plugin projectmanager (category:projectmanager,tabindex:4)
2025-01-21 07:26:44,613 [INFO] PluginManage:310 - Check plugin rif
2025-01-21 07:26:44,620 [INFO] PluginManage:359 - Loaded plugin rif (category:base,tabindex:3)
2025-01-21 07:26:44,620 [INFO] PluginManage:310 - Check plugin thirdparty
2025-01-21 07:26:45,065 [INFO] PluginManage:359 - Loaded plugin thirdparty (category:base,tabindex:-1)
2025-01-21 07:26:45,072 [INFO] PluginManage:310 - Check plugin tools
2025-01-21 07:26:45,065 [WARN] IntegrityCheckThread:84 - waiting for thirdparty lock release [integrity check]
2025-01-21 07:26:45,075 [INFO] IntegrityCheckThread:86 - entering critical section [integrity check]
2025-01-21 07:26:45,081 [INFO] ThirdPartyUpdaterWithRetryManager:70 - Updater plugin not ready yet. [1/15]
2025-01-21 07:26:45,112 [INFO] PluginManage:359 - Loaded plugin tools (category:base,tabindex:7)
2025-01-21 07:26:45,115 [INFO] PluginManage:310 - Check plugin tutovideos
2025-01-21 07:26:45,377 [INFO] PluginManage:359 - Loaded plugin tutovideos (category:base,tabindex:-1)
2025-01-21 07:26:45,378 [INFO] PluginManage:310 - Check plugin updater
2025-01-21 07:26:45,420 [INFO] PluginManage:359 - Loaded plugin updater (category:base,tabindex:12)
2025-01-21 07:26:45,420 [INFO] PluginManage:310 - Check plugin userauth
2025-01-21 07:26:45,428 [INFO] UserAuth:118 - Init User Auth plugin
2025-01-21 07:26:45,432 [INFO] PluginManage:359 - Loaded plugin userauth (category:base,tabindex:14)
2025-01-21 07:26:45,434 [INFO] PluginManage:283 - PluginManage : Loaded plugins [18]
2025-01-21 07:26:45,701 [INFO] PinOutPanel:1589 - setPackage(No Configuration,No Configuration)
2025-01-21 07:26:45,797 [INFO] CADModel:165 - CPN selected for project level
2025-01-21 07:26:45,797 [INFO] CADModel:114 - Register for checkConnection events
2025-01-21 07:26:45,810 [INFO] IPUIPlugin:80 - create IPUIPlugin
2025-01-21 07:26:45,810 [INFO] PluginManager:220 - loadIPPluginJar : add mdma
2025-01-21 07:26:45,815 [INFO] IPUIPlugin:80 - create IPUIPlugin
2025-01-21 07:26:45,815 [INFO] PluginManager:220 - loadIPPluginJar : add freertos
2025-01-21 07:26:45,818 [INFO] IPUIPlugin:80 - create IPUIPlugin
2025-01-21 07:26:45,818 [INFO] PluginManager:220 - loadIPPluginJar : add gic
2025-01-21 07:26:45,825 [INFO] IPUIPlugin:80 - create IPUIPlugin
2025-01-21 07:26:45,825 [INFO] PluginManager:220 - loadIPPluginJar : add adc
2025-01-21 07:26:45,828 [INFO] IPUIPlugin:80 - create IPUIPlugin
2025-01-21 07:26:45,828 [INFO] PluginManager:220 - loadIPPluginJar : add gtzc
2025-01-21 07:26:45,829 [INFO] IPUIPlugin:80 - create IPUIPlugin
2025-01-21 07:26:45,829 [INFO] PluginManager:220 - loadIPPluginJar : add quadspi
2025-01-21 07:26:45,830 [INFO] IPUIPlugin:80 - create IPUIPlugin
2025-01-21 07:26:45,830 [INFO] PluginManager:220 - loadIPPluginJar : add aes
2025-01-21 07:26:45,832 [INFO] IPUIPlugin:80 - create IPUIPlugin
2025-01-21 07:26:45,833 [INFO] PluginManager:220 - loadIPPluginJar : add pdm2pcm
2025-01-21 07:26:45,835 [INFO] IPUIPlugin:80 - create IPUIPlugin
2025-01-21 07:26:45,835 [INFO] PluginManager:220 - loadIPPluginJar : add hash
2025-01-21 07:26:45,836 [INFO] IPUIPlugin:80 - create IPUIPlugin
2025-01-21 07:26:45,836 [INFO] PluginManager:220 - loadIPPluginJar : add tim
2025-01-21 07:26:45,837 [INFO] IPUIPlugin:80 - create IPUIPlugin
2025-01-21 07:26:45,837 [INFO] PluginManager:220 - loadIPPluginJar : add tsc
2025-01-21 07:26:45,839 [INFO] IPUIPlugin:80 - create IPUIPlugin
2025-01-21 07:26:45,839 [INFO] PluginManager:220 - loadIPPluginJar : add extmemmanager
2025-01-21 07:26:45,840 [INFO] IPUIPlugin:80 - create IPUIPlugin
2025-01-21 07:26:45,840 [INFO] PluginManager:220 - loadIPPluginJar : add ts
2025-01-21 07:26:45,842 [INFO] IPUIPlugin:80 - create IPUIPlugin
2025-01-21 07:26:45,842 [INFO] PluginManager:220 - loadIPPluginJar : add radio
2025-01-21 07:26:45,843 [INFO] IPUIPlugin:80 - create IPUIPlugin
2025-01-21 07:26:45,843 [INFO] PluginManager:220 - loadIPPluginJar : add can
2025-01-21 07:26:45,845 [INFO] IPUIPlugin:80 - create IPUIPlugin
2025-01-21 07:26:45,845 [INFO] PluginManager:220 - loadIPPluginJar : add dma3
2025-01-21 07:26:45,846 [INFO] IPUIPlugin:80 - create IPUIPlugin
2025-01-21 07:26:45,846 [INFO] PluginManager:220 - loadIPPluginJar : add dfsdm
2025-01-21 07:26:45,847 [INFO] IPUIPlugin:80 - create IPUIPlugin
2025-01-21 07:26:45,847 [INFO] PluginManager:220 - loadIPPluginJar : add spi
2025-01-21 07:26:45,849 [INFO] IPUIPlugin:80 - create IPUIPlugin
2025-01-21 07:26:45,849 [INFO] PluginManager:220 - loadIPPluginJar : add gfxmmu
2025-01-21 07:26:45,850 [INFO] IPUIPlugin:80 - create IPUIPlugin
2025-01-21 07:26:45,850 [INFO] PluginManager:220 - loadIPPluginJar : add genericplugin
2025-01-21 07:26:45,852 [INFO] IPUIPlugin:80 - create IPUIPlugin
2025-01-21 07:26:45,852 [INFO] PluginManager:220 - loadIPPluginJar : add cryp
2025-01-21 07:26:45,854 [INFO] IPUIPlugin:80 - create IPUIPlugin
2025-01-21 07:26:45,855 [INFO] PluginManager:220 - loadIPPluginJar : add gpio
2025-01-21 07:26:45,856 [INFO] IPUIPlugin:80 - create IPUIPlugin
2025-01-21 07:26:45,857 [INFO] PluginManager:220 - loadIPPluginJar : add ddr_ctrl_phy
2025-01-21 07:26:45,858 [INFO] IPUIPlugin:80 - create IPUIPlugin
2025-01-21 07:26:45,858 [INFO] PluginManager:220 - loadIPPluginJar : add comp
2025-01-21 07:26:45,859 [INFO] IPUIPlugin:80 - create IPUIPlugin
2025-01-21 07:26:45,860 [INFO] PluginManager:220 - loadIPPluginJar : add tracer_emb
2025-01-21 07:26:45,862 [INFO] IPUIPlugin:80 - create IPUIPlugin
2025-01-21 07:26:45,862 [INFO] PluginManager:220 - loadIPPluginJar : add openamp
2025-01-21 07:26:45,865 [INFO] IPUIPlugin:80 - create IPUIPlugin
2025-01-21 07:26:45,865 [INFO] PluginManager:220 - loadIPPluginJar : add stm32_wpan
2025-01-21 07:26:45,869 [INFO] IPUIPlugin:80 - create IPUIPlugin
2025-01-21 07:26:45,871 [INFO] PluginManager:220 - loadIPPluginJar : add plateformsettings
2025-01-21 07:26:45,874 [INFO] IPUIPlugin:80 - create IPUIPlugin
2025-01-21 07:26:45,874 [INFO] PluginManager:220 - loadIPPluginJar : add ipddr
2025-01-21 07:26:45,875 [INFO] IPUIPlugin:80 - create IPUIPlugin
2025-01-21 07:26:45,876 [INFO] PluginManager:220 - loadIPPluginJar : add usart
2025-01-21 07:26:45,877 [INFO] IPUIPlugin:80 - create IPUIPlugin
2025-01-21 07:26:45,877 [INFO] PluginManager:220 - loadIPPluginJar : add ltdc
2025-01-21 07:26:45,879 [INFO] IPUIPlugin:80 - create IPUIPlugin
2025-01-21 07:26:45,879 [INFO] PluginManager:220 - loadIPPluginJar : add nvic
2025-01-21 07:26:45,879 [INFO] IPUIPlugin:80 - create IPUIPlugin
2025-01-21 07:26:45,880 [INFO] PluginManager:220 - loadIPPluginJar : add fatfs
2025-01-21 07:26:45,884 [INFO] IPUIPlugin:80 - create IPUIPlugin
2025-01-21 07:26:45,884 [INFO] PluginManager:220 - loadIPPluginJar : add linkedlist
2025-01-21 07:26:45,888 [INFO] IPUIPlugin:80 - create IPUIPlugin
2025-01-21 07:26:45,888 [INFO] PluginManager:220 - loadIPPluginJar : add dma
2025-01-21 07:26:45,890 [INFO] IPUIPlugin:80 - create IPUIPlugin
2025-01-21 07:26:45,890 [INFO] PluginManager:220 - loadIPPluginJar : add fmc
2025-01-21 07:26:45,891 [INFO] IPUIPlugin:80 - create IPUIPlugin
2025-01-21 07:26:45,891 [INFO] PluginManager:220 - loadIPPluginJar : add i2s
2025-01-21 07:26:45,893 [INFO] IPUIPlugin:80 - create IPUIPlugin
2025-01-21 07:26:45,893 [INFO] PluginManager:220 - loadIPPluginJar : add ucpd
2025-01-21 07:26:45,894 [INFO] IPUIPlugin:80 - create IPUIPlugin
2025-01-21 07:26:45,895 [INFO] PluginManager:220 - loadIPPluginJar : add lorawan
2025-01-21 07:26:45,897 [INFO] IPUIPlugin:80 - create IPUIPlugin
2025-01-21 07:26:45,897 [INFO] PluginManager:220 - loadIPPluginJar : add opamp
2025-01-21 07:26:45,898 [INFO] IPUIPlugin:80 - create IPUIPlugin
2025-01-21 07:26:45,898 [INFO] PluginManager:220 - loadIPPluginJar : add i3c
2025-01-21 07:26:45,900 [INFO] IPUIPlugin:80 - create IPUIPlugin
2025-01-21 07:26:45,900 [INFO] PluginManager:220 - loadIPPluginJar : add touchsensing
2025-01-21 07:26:45,902 [INFO] IPUIPlugin:80 - create IPUIPlugin
2025-01-21 07:26:45,902 [INFO] PluginManager:220 - loadIPPluginJar : add i2c
2025-01-21 07:26:45,904 [INFO] IPUIPlugin:80 - create IPUIPlugin
2025-01-21 07:26:45,905 [INFO] PluginManager:220 - loadIPPluginJar : add resmgrutility
2025-01-21 07:26:45,906 [INFO] IPUIPlugin:80 - create IPUIPlugin
2025-01-21 07:26:45,906 [INFO] PluginManager:220 - loadIPPluginJar : add sai
2025-01-21 07:26:45,908 [INFO] IPUIPlugin:80 - create IPUIPlugin
2025-01-21 07:26:45,908 [INFO] PluginManager:220 - loadIPPluginJar : add usbx
2025-01-21 07:26:46,025 [FATAL] Updater:351 - Updater called before beeing initialized
2025-01-21 07:26:46,090 [INFO] RulesReader:64 - Compatibility file has been processed (297 Rules)
2025-01-21 07:26:46,106 [INFO] RulesReader:64 - Compatibility file has been processed (297 Rules)
2025-01-21 07:26:46,122 [INFO] CADModel:165 - CPN selected for project level
2025-01-21 07:26:46,123 [INFO] CADModel:114 - Register for checkConnection events
2025-01-21 07:26:46,123 [FATAL] Updater:351 - Updater called before beeing initialized
2025-01-21 07:26:46,123 [ERROR] CADModel:125 - Updater not yet initialized, retry later 
2025-01-21 07:26:46,378 [FATAL] Updater:351 - Updater called before beeing initialized
2025-01-21 07:26:46,380 [INFO] CADModel:165 - CPN selected for project level
2025-01-21 07:26:46,381 [INFO] CADModel:114 - Register for checkConnection events
2025-01-21 07:26:46,381 [FATAL] Updater:351 - Updater called before beeing initialized
2025-01-21 07:26:46,381 [ERROR] CADModel:125 - Updater not yet initialized, retry later 
2025-01-21 07:26:46,384 [FATAL] Updater:351 - Updater called before beeing initialized
2025-01-21 07:26:46,560 [FATAL] Updater:351 - Updater called before beeing initialized
2025-01-21 07:26:46,567 [INFO] DbMcusAds:53 - JSON generation date=Wed Dec 18 01:01:15 KST 2024 (1734451275230)
2025-01-21 07:26:46,567 [FATAL] Updater:351 - Updater called before beeing initialized
2025-01-21 07:26:46,635 [WARN] DetailPanel:346 - Failed to get advertising image, set to default
2025-01-21 07:26:46,858 [FATAL] Updater:351 - Updater called before beeing initialized
2025-01-21 07:26:46,862 [FATAL] Updater:351 - Updater called before beeing initialized
2025-01-21 07:26:46,862 [FATAL] Updater:351 - Updater called before beeing initialized
2025-01-21 07:26:46,862 [WARN] DetailPanel:346 - Failed to get advertising image, set to default
2025-01-21 07:26:46,864 [FATAL] Updater:351 - Updater called before beeing initialized
2025-01-21 07:26:46,946 [ERROR] Updater:1198 - MainUpdater not yet initialized. External WinMGr cannot be set.
2025-01-21 07:26:46,959 [INFO] Updater:1134 - Updater Version found : 6.13.0
2025-01-21 07:26:46,975 [INFO] ApplicationProperties:184 - Using Application install path: /Applications/STM32CubeIDE.app/Contents/Eclipse/plugins/com.st.stm32cube.common.mx_6.13.0.202411220809
2025-01-21 07:26:47,494 [INFO] MainUpdater:2872 - connection check result : 10
2025-01-21 07:26:47,495 [INFO] MainUpdater:3566 - Updater definition file requires update
2025-01-21 07:26:47,496 [INFO] MainUpdater:289 - Updater Check For Update Now.
2025-01-21 07:26:47,496 [INFO] MicroXplorer:498 - Change Database Version : DB.6.0.130
2025-01-21 07:26:47,509 [INFO] McuFinderGlobals:63 - Set McuFinder mode to 2 (CubeIDE integrated)
2025-01-21 07:26:47,512 [INFO] UserAuth:486 - Internet connection configuration mode: 1
2025-01-21 07:26:47,524 [INFO] JxBrowserEngine:152 - Initiate JxBrowser Engine with user profile folder
2025-01-21 07:26:47,581 [INFO] ServerAccessManage:473 - Download File updaters.zip
2025-01-21 07:26:47,783 [INFO] FileExtend:240 - Unzip File : updaters.zip
2025-01-21 07:26:47,783 [INFO] FileExtend:255 - Standard Zip Deflate
2025-01-21 07:26:48,048 [INFO] ServerAccessManage:473 - Download File PacksControlFlags.xml
2025-01-21 07:26:48,087 [WARN] MainUpdater:1193 - Updater busy. Cannot search thirdparties
2025-01-21 07:26:48,087 [INFO] ThirdPartyUpdaterWithRetryManager:96 - Updater plugin is busy. [1/15]
2025-01-21 07:26:48,234 [INFO] ServerAccessManage:473 - Download File cubemx.pidx
2025-01-21 07:26:48,377 [INFO] LoadServerUpdatesThread:375 - End of LoadServerUpdate Thread
2025-01-21 07:26:48,652 [INFO] CheckServerUpdateThread:120 - End of CheckServer Thread
2025-01-21 07:26:51,276 [WARN] PackLoader:240 - Cannot read IP mode file for STMicroelectronics.FP-SNS-MOTENVWB1.1.4.0
2025-01-21 07:26:51,320 [WARN] PackLoader:240 - Cannot read IP mode file for STMicroelectronics.FP-ATR-ASTRA1.2.0.1
2025-01-21 07:26:51,360 [WARN] PackLoader:240 - Cannot read IP mode file for STMicroelectronics.X-CUBE-SMBUS.2.1.0
2025-01-21 07:26:51,376 [WARN] PackLoader:240 - Cannot read IP mode file for STMicroelectronics.X-CUBE-WB05N.1.1.0
2025-01-21 07:26:51,390 [WARN] PackLoader:240 - Cannot read IP mode file for STMicroelectronics.X-CUBE-TOUCHGFX.4.23.1
2025-01-21 07:26:51,394 [WARN] PackLoader:240 - Cannot read IP mode file for STMicroelectronics.X-CUBE-TOUCHGFX.4.23.0
2025-01-21 07:26:51,397 [WARN] PackLoader:240 - Cannot read IP mode file for STMicroelectronics.X-CUBE-TOUCHGFX.4.23.2
2025-01-21 07:26:51,464 [WARN] PackLoader:240 - Cannot read IP mode file for STMicroelectronics.X-CUBE-AZRTOS-F7.1.1.0
2025-01-21 07:26:51,501 [WARN] PackLoader:240 - Cannot read IP mode file for STMicroelectronics.FP-SNS-MOTENV1.4.3.2
2025-01-21 07:26:51,530 [WARN] PackLoader:240 - Cannot read IP mode file for STMicroelectronics.FP-SNS-FLIGHT1.5.0.1
2025-01-21 07:26:51,693 [WARN] PackLoader:240 - Cannot read IP mode file for STMicroelectronics.X-CUBE-MEMS1.11.0.0
2025-01-21 07:26:52,102 [WARN] PackLoader:240 - Cannot read IP mode file for STMicroelectronics.X-CUBE-BLE1.6.2.4
2025-01-21 07:26:52,140 [WARN] PackLoader:240 - Cannot read IP mode file for STMicroelectronics.FP-SNS-FLIGHT1.5.0.2
2025-01-21 07:26:52,168 [WARN] PackLoader:240 - Cannot read IP mode file for STMicroelectronics.X-CUBE-DISPLAY.3.0.0
2025-01-21 07:26:52,197 [WARN] PackLoader:240 - Cannot read IP mode file for STMicroelectronics.X-CUBE-BLE1.7.0.0
2025-01-21 07:26:52,226 [WARN] PackLoader:240 - Cannot read IP mode file for STMicroelectronics.X-CUBE-NFC10.1.0.0
2025-01-21 07:26:52,275 [WARN] PackLoader:240 - Cannot read IP mode file for STMicroelectronics.X-CUBE-BLEMGR.4.0.0
2025-01-21 07:26:52,290 [WARN] PackLoader:240 - Cannot read IP mode file for STMicroelectronics.X-CUBE-TOUCHGFX.4.22.0
2025-01-21 07:26:52,321 [WARN] PackLoader:240 - Cannot read IP mode file for STMicroelectronics.X-CUBE-BLEMGR.3.1.0
2025-01-21 07:26:52,342 [WARN] PackLoader:240 - Cannot read IP mode file for STMicroelectronics.FP-SNS-SMARTAG2.1.2.0
2025-01-21 07:26:52,423 [INFO] WebApp:168 - Instantiating new browser for Auth
2025-01-21 07:26:52,530 [WARN] PackLoader:240 - Cannot read IP mode file for STMicroelectronics.X-CUBE-MEMS1.11.1.0
2025-01-21 07:26:52,765 [INFO] LogOutputStream:77 - [STDOUT_REDIRECT] 1 : Invalid condition id : UX_CORESTACK_Condition cause : null
2025-01-21 07:26:52,772 [INFO] LogOutputStream:77 - [STDOUT_REDIRECT] 1 : Invalid condition id : UX_CORESTACK_Condition cause : null
2025-01-21 07:26:52,774 [INFO] LogOutputStream:77 - [STDOUT_REDIRECT] 1 : Invalid condition id : UX_CORESTACK_Condition cause : null
2025-01-21 07:26:52,774 [INFO] LogOutputStream:77 - [STDOUT_REDIRECT] 1 : Invalid condition id : UX_CORESTACK_Condition cause : null
2025-01-21 07:26:52,775 [INFO] LogOutputStream:77 - [STDOUT_REDIRECT] 1 : Invalid condition id : UX_CORESTACK_Condition cause : null
2025-01-21 07:26:52,789 [WARN] PackLoader:240 - Cannot read IP mode file for STMicroelectronics.X-CUBE-AZRTOS-WL.2.0.0
2025-01-21 07:26:52,830 [WARN] PackLoader:240 - Cannot read IP mode file for STMicroelectronics.FP-SNS-MOTENV1.5.0.0
2025-01-21 07:26:52,839 [WARN] PackLoader:240 - Cannot read IP mode file for wolfSSL.I-CUBE-wolfMQTT.1.19.0
2025-01-21 07:26:52,865 [WARN] PackLoader:240 - Cannot read IP mode file for WES.I-CUBE-Cesium.1.3.0
2025-01-21 07:26:52,874 [WARN] PackLoader:240 - Cannot read IP mode file for STMicroelectronics.X-CUBE-BLE2.3.3.0
2025-01-21 07:26:52,893 [WARN] PackLoader:240 - Cannot read IP mode file for STMicroelectronics.X-CUBE-NFC9.1.0.0
2025-01-21 07:26:52,914 [WARN] PackLoader:240 - Cannot read IP mode file for STMicroelectronics.X-CUBE-TCPP.4.1.0
2025-01-21 07:26:52,957 [WARN] PackLoader:240 - Cannot read IP mode file for STMicroelectronics.X-CUBE-TOUCHGFX.4.21.3
2025-01-21 07:26:52,964 [WARN] PackLoader:240 - Cannot read IP mode file for STMicroelectronics.X-CUBE-ALGOBUILD.1.3.0
2025-01-21 07:26:52,990 [WARN] PackLoader:240 - Cannot read IP mode file for STMicroelectronics.X-CUBE-AZRTOS-G0.1.1.0
2025-01-21 07:26:53,006 [WARN] PackLoader:240 - Cannot read IP mode file for STMicroelectronics.X-CUBE-SAFEA1.1.2.2
2025-01-21 07:26:53,019 [WARN] PackLoader:240 - Cannot read IP mode file for STMicroelectronics.X-CUBE-NFC4.3.0.0
2025-01-21 07:26:53,036 [WARN] PackLoader:240 - Cannot read IP mode file for EmbeddedOffice.I-CUBE-FS-RTOS.1.0.1
2025-01-21 07:26:53,051 [WARN] PackLoader:240 - Cannot read IP mode file for STMicroelectronics.X-CUBE-BLEMGR.3.0.0
2025-01-21 07:26:53,066 [WARN] PackLoader:240 - Cannot read IP mode file for STMicroelectronics.X-CUBE-TCPP.4.2.0
2025-01-21 07:26:53,076 [WARN] PackLoader:240 - Cannot read IP mode file for RealThread.X-CUBE-RT-Thread_Nano.4.1.1
2025-01-21 07:26:53,086 [WARN] PackLoader:240 - Cannot read IP mode file for STMicroelectronics.FP-ATR-SIGFOX1.3.2.0
2025-01-21 07:26:53,103 [WARN] ConditionMgr:438 - getConditionDescription Invalid condition id : Cortex-A Device cause : null
2025-01-21 07:26:53,164 [WARN] ConditionMgr:1044 - genDependencies : Invalid condition id : Cortex-A Device cause : null
2025-01-21 07:26:53,165 [WARN] ConditionMgr:1044 - genDependencies : Invalid condition id : Cortex-A Device cause : null
2025-01-21 07:26:53,165 [WARN] ConditionMgr:1044 - genDependencies : Invalid condition id : Cortex-A Device cause : null
2025-01-21 07:26:53,175 [WARN] PackLoader:240 - Cannot read IP mode file for STMicroelectronics.X-CUBE-EEPRMA1.5.1.0
2025-01-21 07:26:53,231 [WARN] PackLoader:240 - Cannot read IP mode file for STMicroelectronics.X-CUBE-MEMS1.9.5.0
2025-01-21 07:26:53,380 [WARN] PackLoader:240 - Cannot read IP mode file for SEGGER.I-CUBE-embOS.1.3.1
2025-01-21 07:26:53,463 [WARN] PackLoader:240 - Cannot read IP mode file for STMicroelectronics.X-CUBE-ALGOBUILD.1.4.0
2025-01-21 07:26:53,474 [WARN] PackLoader:240 - Cannot read IP mode file for STMicroelectronics.X-CUBE-AI.9.1.0
2025-01-21 07:26:53,480 [WARN] PackLoader:240 - Cannot read IP mode file for STMicroelectronics.X-CUBE-GNSS1.6.0.0
2025-01-21 07:26:53,508 [WARN] PackLoader:240 - Cannot read IP mode file for STMicroelectronics.X-CUBE-AZRTOS-F4.1.1.0
2025-01-21 07:26:53,528 [WARN] PackLoader:240 - Cannot read IP mode file for STMicroelectronics.X-CUBE-ISPU.2.1.0
2025-01-21 07:26:53,538 [WARN] PackLoader:240 - Cannot read IP mode file for STMicroelectronics.X-CUBE-FREERTOS.1.2.0
2025-01-21 07:26:53,567 [WARN] PackLoader:240 - Cannot read IP mode file for STMicroelectronics.X-CUBE-AZRTOS-L5.2.0.0
2025-01-21 07:26:53,641 [WARN] PackLoader:240 - Cannot read IP mode file for STMicroelectronics.X-CUBE-MEMS1.9.6.0
2025-01-21 07:26:53,746 [WARN] PackLoader:240 - Cannot read IP mode file for STMicroelectronics.X-CUBE-NFC6.3.1.0
2025-01-21 07:26:53,755 [WARN] PackLoader:240 - Cannot read IP mode file for ITTIA_DB.I-CUBE-ITTIADB.8.8.0
2025-01-21 07:26:53,763 [WARN] PackLoader:240 - Cannot read IP mode file for emotas.I-CUBE-CANOPEN.1.1.3
2025-01-21 07:26:53,780 [WARN] PackLoader:240 - Cannot read IP mode file for STMicroelectronics.X-CUBE-BLEMGR.2.0.0
2025-01-21 07:26:53,794 [WARN] PackLoader:240 - Cannot read IP mode file for STMicroelectronics.X-CUBE-DPower.1.2.0
2025-01-21 07:26:53,802 [WARN] PackLoader:240 - Cannot read IP mode file for STMicroelectronics.X-CUBE-AI.9.0.0
2025-01-21 07:26:53,820 [WARN] ConditionMgr:438 - getConditionDescription Invalid condition id : UX DEVICE CLASS RTOS Condition cause : null
2025-01-21 07:26:53,821 [WARN] ConditionMgr:438 - getConditionDescription Invalid condition id : UX DEVICE CLASS RTOS Condition cause : null
2025-01-21 07:26:53,827 [WARN] PackLoader:240 - Cannot read IP mode file for STMicroelectronics.X-CUBE-AZRTOS-H7.3.1.0
2025-01-21 07:26:53,830 [WARN] ConditionMgr:1044 - genDependencies : Invalid condition id : UX DEVICE CLASS RTOS Condition cause : null
2025-01-21 07:26:53,832 [WARN] ConditionMgr:1044 - genDependencies : Invalid condition id : UX DEVICE CLASS RTOS Condition cause : null
2025-01-21 07:26:53,834 [WARN] ConditionMgr:1044 - genDependencies : Invalid condition id : UX DEVICE CLASS RTOS Condition cause : null
2025-01-21 07:26:53,834 [WARN] ConditionMgr:1044 - genDependencies : Invalid condition id : UX DEVICE CLASS RTOS Condition cause : null
2025-01-21 07:26:53,834 [WARN] ConditionMgr:1044 - genDependencies : Invalid condition id : UX DEVICE CLASS RTOS Condition cause : null
2025-01-21 07:26:53,843 [WARN] PackLoader:240 - Cannot read IP mode file for wolfSSL.I-CUBE-wolfSSL.5.5.4
2025-01-21 07:26:53,847 [WARN] PackLoader:240 - Cannot read IP mode file for STMicroelectronics.X-CUBE-FREERTOS.1.3.0
2025-01-21 07:26:53,852 [WARN] PackLoader:240 - Cannot read IP mode file for STMicroelectronics.X-CUBE-NFC7.1.0.1
2025-01-21 07:26:53,860 [WARN] PackLoader:240 - Cannot read IP mode file for STMicroelectronics.X-CUBE-NFC7.1.0.0
2025-01-21 07:26:53,864 [WARN] PackLoader:240 - Cannot read IP mode file for wolfSSL.I-CUBE-wolfTPM.3.2.0
2025-01-21 07:26:53,873 [WARN] PackLoader:240 - Cannot read IP mode file for STMicroelectronics.X-CUBE-NFC6.3.0.0
2025-01-21 07:26:53,880 [WARN] PackLoader:240 - Cannot read IP mode file for STMicroelectronics.X-CUBE-EEPRMA1.4.1.0
2025-01-21 07:26:53,889 [WARN] PackLoader:240 - Cannot read IP mode file for STMicroelectronics.X-CUBE-AI.8.1.0
2025-01-21 07:26:53,958 [WARN] ConditionMgr:438 - getConditionDescription Invalid condition id : LAN8742 Phy interface Condition cause : null
2025-01-21 07:26:53,969 [WARN] PackLoader:240 - Cannot read IP mode file for STMicroelectronics.X-CUBE-AZRTOS-L4.2.0.0
2025-01-21 07:26:54,016 [WARN] ConditionMgr:1044 - genDependencies : Invalid condition id : LAN8742 Phy interface Condition cause : null
2025-01-21 07:26:54,017 [WARN] ConditionMgr:1044 - genDependencies : Invalid condition id : LAN8742 Phy interface Condition cause : null
2025-01-21 07:26:54,021 [WARN] ConditionMgr:1044 - genDependencies : Invalid condition id : LAN8742 Phy interface Condition cause : null
2025-01-21 07:26:54,065 [WARN] PackLoader:240 - Cannot read IP mode file for STMicroelectronics.X-CUBE-SFXS2LP1.4.0.0
2025-01-21 07:26:54,115 [WARN] PackLoader:240 - Cannot read IP mode file for STMicroelectronics.X-CUBE-AZRTOS-H7.3.0.0
2025-01-21 07:26:54,129 [WARN] PackLoader:240 - Cannot read IP mode file for STMicroelectronics.X-CUBE-ISPU.1.1.0
2025-01-21 07:26:54,173 [WARN] PackLoader:240 - Cannot read IP mode file for STMicroelectronics.X-CUBE-AZRTOS-H7.3.3.0
2025-01-21 07:26:54,185 [WARN] PackLoader:240 - Cannot read IP mode file for RoweBots.I-CUBE-UNISONRTOS.5.5.0-4
2025-01-21 07:26:54,188 [WARN] PackLoader:240 - Cannot read IP mode file for STMicroelectronics.X-CUBE-AI.8.0.0
2025-01-21 07:26:54,201 [WARN] PackLoader:240 - Cannot read IP mode file for STMicroelectronics.X-CUBE-IPS.3.0.0
2025-01-21 07:26:54,219 [WARN] ConditionMgr:438 - getConditionDescription Invalid condition id : UX DEVICE CLASS RTOS Condition cause : null
2025-01-21 07:26:54,219 [WARN] ConditionMgr:438 - getConditionDescription Invalid condition id : UX DEVICE CLASS RTOS Condition cause : null
2025-01-21 07:26:54,223 [WARN] PackLoader:240 - Cannot read IP mode file for STMicroelectronics.X-CUBE-AZRTOS-WB.2.0.0
2025-01-21 07:26:54,224 [WARN] ConditionMgr:1044 - genDependencies : Invalid condition id : UX DEVICE CLASS RTOS Condition cause : null
2025-01-21 07:26:54,224 [WARN] ConditionMgr:1044 - genDependencies : Invalid condition id : UX DEVICE CLASS RTOS Condition cause : null
2025-01-21 07:26:54,225 [WARN] ConditionMgr:1044 - genDependencies : Invalid condition id : UX DEVICE CLASS RTOS Condition cause : null
2025-01-21 07:26:54,226 [WARN] ConditionMgr:1044 - genDependencies : Invalid condition id : UX DEVICE CLASS RTOS Condition cause : null
2025-01-21 07:26:54,226 [WARN] ConditionMgr:1044 - genDependencies : Invalid condition id : UX DEVICE CLASS RTOS Condition cause : null
2025-01-21 07:26:54,230 [WARN] PackLoader:240 - Cannot read IP mode file for STMicroelectronics.X-CUBE-FREERTOS.1.0.0
2025-01-21 07:26:54,235 [WARN] PackLoader:240 - Cannot read IP mode file for STMicroelectronics.X-CUBE-FREERTOS.1.0.1
2025-01-21 07:26:54,241 [WARN] PackLoader:240 - Cannot read IP mode file for STMicroelectronics.X-CUBE-GNSS1.7.0.0
2025-01-21 07:26:54,247 [WARN] PackLoader:240 - Cannot read IP mode file for STMicroelectronics.X-CUBE-GNSS1.7.0.1
2025-01-21 07:26:54,253 [WARN] PackLoader:240 - Cannot read IP mode file for STMicroelectronics.FP-SNS-STBOX1.2.0.0
2025-01-21 07:26:54,273 [WARN] PackLoader:240 - Cannot read IP mode file for STMicroelectronics.X-CUBE-AZRTOS-L5.1.1.0
2025-01-21 07:26:54,280 [WARN] PackLoader:240 - Cannot read IP mode file for STMicroelectronics.X-CUBE-AI.8.0.1
2025-01-21 07:26:54,290 [INFO] WebApp:449 - Apply proxy settings
2025-01-21 07:26:54,293 [WARN] PackLoader:240 - Cannot read IP mode file for STMicroelectronics.X-CUBE-SUBG2.5.0.0
2025-01-21 07:26:54,295 [INFO] WebApp:494 - Chromium authenticates against Manually configured proxy
2025-01-21 07:26:54,314 [WARN] PackLoader:240 - Cannot read IP mode file for STMicroelectronics.X-CUBE-TOF1.3.3.1
2025-01-21 07:26:54,319 [INFO] WebApp:502 - Username used for proxy authentication: 
2025-01-21 07:26:54,336 [WARN] PackLoader:240 - Cannot read IP mode file for STMicroelectronics.X-CUBE-AZRTOS-G4.2.0.0
2025-01-21 07:26:54,352 [WARN] PackLoader:240 - Cannot read IP mode file for STMicroelectronics.X-CUBE-TOF1.3.3.0
2025-01-21 07:26:54,363 [WARN] PackLoader:240 - Cannot read IP mode file for STMicroelectronics.FP-ATR-ASTRA1.1.1.1
2025-01-21 07:26:54,376 [WARN] PackLoader:240 - Cannot read IP mode file for Infineon.AIROC-Wi-Fi-Bluetooth-STM32.1.5.1
2025-01-21 07:26:54,385 [WARN] PackLoader:240 - Cannot read IP mode file for STMicroelectronics.FP-SNS-MOTENVWB1.1.3.1
2025-01-21 07:26:54,393 [INFO] WebApp:880 - Register for checkConnection events
2025-01-21 07:26:54,393 [INFO] WebApp:449 - Apply proxy settings
2025-01-21 07:26:54,396 [INFO] WebApp:494 - Chromium authenticates against Manually configured proxy
2025-01-21 07:26:54,396 [INFO] WebApp:502 - Username used for proxy authentication: 
2025-01-21 07:26:54,399 [WARN] PackLoader:240 - Cannot read IP mode file for STMicroelectronics.X-CUBE-AZRTOS-G4.1.0.0
2025-01-21 07:26:54,424 [WARN] PackLoader:240 - Cannot read IP mode file for STMicroelectronics.X-CUBE-AZRTOS-L4.1.0.0
2025-01-21 07:26:54,433 [WARN] PackLoader:240 - Cannot read IP mode file for STMicroelectronics.X-CUBE-ISPU.2.0.0
2025-01-21 07:26:54,447 [WARN] PackLoader:240 - Cannot read IP mode file for STMicroelectronics.X-CUBE-IPS.3.1.0
2025-01-21 07:26:54,455 [WARN] PackLoader:240 - Cannot read IP mode file for STMicroelectronics.X-CUBE-ALS.1.0.2
2025-01-21 07:26:54,519 [WARN] PackLoader:240 - Cannot read IP mode file for STMicroelectronics.X-CUBE-MEMS1.10.0.0
2025-01-21 07:26:54,585 [INFO] WebApp:221 - Starting web application
2025-01-21 07:26:54,586 [INFO] WebApp:579 - Web application path used /Applications/STM32CubeIDE.app/Contents/Eclipse/plugins/com.st.stm32cube.common.mx_6.13.0.202411220809/db/plugins/mcufinder/reactClient1/index.html
2025-01-21 07:26:54,605 [WARN] PackLoader:240 - Cannot read IP mode file for STMicroelectronics.X-CUBE-FREERTOS.1.1.0
2025-01-21 07:26:54,611 [WARN] PackLoader:240 - Cannot read IP mode file for STMicroelectronics.X-CUBE-TOUCHGFX.4.24.0
2025-01-21 07:26:54,614 [WARN] PackLoader:240 - Cannot read IP mode file for STMicroelectronics.X-CUBE-TOUCHGFX.4.24.2
2025-01-21 07:26:54,626 [WARN] PackLoader:240 - Cannot read IP mode file for STMicroelectronics.X-CUBE-AZRTOS-WL.1.0.0
2025-01-21 07:26:54,630 [WARN] PackLoader:240 - Cannot read IP mode file for STMicroelectronics.X-CUBE-TOUCHGFX.4.24.1
2025-01-21 07:26:54,635 [WARN] PackLoader:240 - Cannot read IP mode file for portGmbH.I-Cube-SoM-uGOAL.1.1.0
2025-01-21 07:26:54,639 [WARN] PackLoader:240 - Cannot read IP mode file for STMicroelectronics.X-CUBE-ALS.1.0.1
2025-01-21 07:26:54,661 [WARN] PackLoader:240 - Cannot read IP mode file for STMicroelectronics.X-CUBE-AZRTOS-WB.1.1.0
2025-01-21 07:26:54,701 [WARN] PackLoader:240 - Cannot read IP mode file for STMicroelectronics.X-CUBE-AZRTOS-H7RS.1.0.0
2025-01-21 07:26:54,725 [WARN] PackLoader:240 - Cannot read IP mode file for STMicroelectronics.FP-ATR-ASTRA1.2.0.0
2025-01-21 07:26:54,765 [WARN] PackLoader:240 - Cannot read IP mode file for STMicroelectronics.X-CUBE-TOF1.3.4.2
2025-01-21 07:26:54,805 [WARN] PackLoader:240 - Cannot read IP mode file for STMicroelectronics.X-CUBE-TOF1.3.4.0
2025-01-21 07:26:54,836 [WARN] PackLoader:240 - Cannot read IP mode file for STMicroelectronics.X-CUBE-TOF1.3.4.1
2025-01-21 07:26:54,871 [WARN] PackLoader:240 - Cannot read IP mode file for STMicroelectronics.X-CUBE-AZRTOS-H7.3.2.0
2025-01-21 07:26:54,880 [WARN] PackLoader:240 - Cannot read IP mode file for wolfSSL.I-CUBE-wolfSSH.1.4.17
2025-01-21 07:26:54,881 [INFO] ThirdParty:978 - Integrity check success = true
2025-01-21 07:26:54,882 [INFO] IntegrityCheckThread:100 - exiting critical section [integrity check]
2025-01-21 07:26:54,882 [INFO] IntegrityCheckThread:103 - End integrity checks thread
2025-01-21 07:26:55,371 [INFO] WebApp:187 - Connection restablished
2025-01-21 07:26:55,426 [INFO] UserAuth:486 - Internet connection configuration mode: 1
